<?xml version="1.0" encoding="UTF-8"?>
<testsuite name="TestCard" tests="2" skipped="0" failures="0" errors="0" timestamp="2021-09-24T09:27:34" hostname="DESKTOP-CBH797C" time="0.002">
  <properties/>
  <testcase name="testCardCreation()" classname="TestCard" time="0.0"/>
  <testcase name="testCardBlock()" classname="TestCard" time="0.001"/>
  <system-out><![CDATA[]]></system-out>
  <system-err><![CDATA[]]></system-err>
</testsuite>
